Determining if the pthread_create exist failed with the following output:
Change Dir: /home/cad/下载/caffe-master/CMakeFiles/CMakeTmp

Run Build Command:"/usr/bin/make" "cmTC_71e3e/fast"
/usr/bin/make -f CMakeFiles/cmTC_71e3e.dir/build.make CMakeFiles/cmTC_71e3e.dir/build
make[1]: Entering directory '/home/cad/下载/caffe-master/CMakeFiles/CMakeTmp'
Building C object CMakeFiles/cmTC_71e3e.dir/CheckSymbolExists.c.o
/usr/bin/gcc     -o CMakeFiles/cmTC_71e3e.dir/CheckSymbolExists.c.o   -c /home/cad/下载/caffe-master/CMakeFiles/CMakeTmp/CheckSymbolExists.c
Linking C executable cmTC_71e3e
/usr/bin/cmake -E cmake_link_script CMakeFiles/cmTC_71e3e.dir/link.txt --verbose=1
/usr/bin/gcc       CMakeFiles/cmTC_71e3e.dir/CheckSymbolExists.c.o  -o cmTC_71e3e -rdynamic 
CMakeFiles/cmTC_71e3e.dir/CheckSymbolExists.c.o：在函数‘main’中：
CheckSymbolExists.c:(.text+0x16)：对‘pthread_create’未定义的引用
collect2: error: ld returned 1 exit status
CMakeFiles/cmTC_71e3e.dir/build.make:97: recipe for target 'cmTC_71e3e' failed
make[1]: *** [cmTC_71e3e] Error 1
make[1]: Leaving directory '/home/cad/下载/caffe-master/CMakeFiles/CMakeTmp'
Makefile:126: recipe for target 'cmTC_71e3e/fast' failed
make: *** [cmTC_71e3e/fast] Error 2

File /home/cad/下载/caffe-master/CMakeFiles/CMakeTmp/CheckSymbolExists.c:
/* */
#include <pthread.h>

int main(int argc, char** argv)
{
  (void)argv;
#ifndef pthread_create
  return ((int*)(&pthread_create))[argc];
#else
  (void)argc;
  return 0;
#endif
}

Determining if the function pthread_create exists in the pthreads failed with the following output:
Change Dir: /home/cad/下载/caffe-master/CMakeFiles/CMakeTmp

Run Build Command:"/usr/bin/make" "cmTC_aa365/fast"
/usr/bin/make -f CMakeFiles/cmTC_aa365.dir/build.make CMakeFiles/cmTC_aa365.dir/build
make[1]: Entering directory '/home/cad/下载/caffe-master/CMakeFiles/CMakeTmp'
Building C object CMakeFiles/cmTC_aa365.dir/CheckFunctionExists.c.o
/usr/bin/gcc    -DCHECK_FUNCTION_EXISTS=pthread_create   -o CMakeFiles/cmTC_aa365.dir/CheckFunctionExists.c.o   -c /usr/share/cmake-3.5/Modules/CheckFunctionExists.c
Linking C executable cmTC_aa365
/usr/bin/cmake -E cmake_link_script CMakeFiles/cmTC_aa365.dir/link.txt --verbose=1
/usr/bin/gcc   -DCHECK_FUNCTION_EXISTS=pthread_create    CMakeFiles/cmTC_aa365.dir/CheckFunctionExists.c.o  -o cmTC_aa365 -rdynamic -lpthreads 
/usr/bin/ld: 找不到 -lpthreads
collect2: error: ld returned 1 exit status
CMakeFiles/cmTC_aa365.dir/build.make:97: recipe for target 'cmTC_aa365' failed
make[1]: *** [cmTC_aa365] Error 1
make[1]: Leaving directory '/home/cad/下载/caffe-master/CMakeFiles/CMakeTmp'
Makefile:126: recipe for target 'cmTC_aa365/fast' failed
make: *** [cmTC_aa365/fast] Error 2


Determining if the pthread_create exist failed with the following output:
Change Dir: /home/cad/下载/caffe-master/CMakeFiles/CMakeTmp

Run Build Command:"/usr/bin/make" "cmTC_4161c/fast"
/usr/bin/make -f CMakeFiles/cmTC_4161c.dir/build.make CMakeFiles/cmTC_4161c.dir/build
make[1]: Entering directory '/home/cad/下载/caffe-master/CMakeFiles/CMakeTmp'
Building C object CMakeFiles/cmTC_4161c.dir/CheckSymbolExists.c.o
/usr/bin/gcc     -o CMakeFiles/cmTC_4161c.dir/CheckSymbolExists.c.o   -c /home/cad/下载/caffe-master/CMakeFiles/CMakeTmp/CheckSymbolExists.c
Linking C executable cmTC_4161c
/usr/bin/cmake -E cmake_link_script CMakeFiles/cmTC_4161c.dir/link.txt --verbose=1
/usr/bin/gcc       CMakeFiles/cmTC_4161c.dir/CheckSymbolExists.c.o  -o cmTC_4161c -rdynamic 
CMakeFiles/cmTC_4161c.dir/CheckSymbolExists.c.o：在函数‘main’中：
CheckSymbolExists.c:(.text+0x16)：对‘pthread_create’未定义的引用
collect2: error: ld returned 1 exit status
CMakeFiles/cmTC_4161c.dir/build.make:97: recipe for target 'cmTC_4161c' failed
make[1]: *** [cmTC_4161c] Error 1
make[1]: Leaving directory '/home/cad/下载/caffe-master/CMakeFiles/CMakeTmp'
Makefile:126: recipe for target 'cmTC_4161c/fast' failed
make: *** [cmTC_4161c/fast] Error 2

File /home/cad/下载/caffe-master/CMakeFiles/CMakeTmp/CheckSymbolExists.c:
/* */
#include <pthread.h>

int main(int argc, char** argv)
{
  (void)argv;
#ifndef pthread_create
  return ((int*)(&pthread_create))[argc];
#else
  (void)argc;
  return 0;
#endif
}

Determining if the function pthread_create exists in the pthreads failed with the following output:
Change Dir: /home/cad/下载/caffe-master/CMakeFiles/CMakeTmp

Run Build Command:"/usr/bin/make" "cmTC_71f5c/fast"
/usr/bin/make -f CMakeFiles/cmTC_71f5c.dir/build.make CMakeFiles/cmTC_71f5c.dir/build
make[1]: Entering directory '/home/cad/下载/caffe-master/CMakeFiles/CMakeTmp'
Building C object CMakeFiles/cmTC_71f5c.dir/CheckFunctionExists.c.o
/usr/bin/gcc    -DCHECK_FUNCTION_EXISTS=pthread_create   -o CMakeFiles/cmTC_71f5c.dir/CheckFunctionExists.c.o   -c /usr/share/cmake-3.5/Modules/CheckFunctionExists.c
Linking C executable cmTC_71f5c
/usr/bin/cmake -E cmake_link_script CMakeFiles/cmTC_71f5c.dir/link.txt --verbose=1
/usr/bin/gcc   -DCHECK_FUNCTION_EXISTS=pthread_create    CMakeFiles/cmTC_71f5c.dir/CheckFunctionExists.c.o  -o cmTC_71f5c -rdynamic -lpthreads 
/usr/bin/ld: 找不到 -lpthreads
collect2: error: ld returned 1 exit status
CMakeFiles/cmTC_71f5c.dir/build.make:97: recipe for target 'cmTC_71f5c' failed
make[1]: *** [cmTC_71f5c] Error 1
make[1]: Leaving directory '/home/cad/下载/caffe-master/CMakeFiles/CMakeTmp'
Makefile:126: recipe for target 'cmTC_71f5c/fast' failed
make: *** [cmTC_71f5c/fast] Error 2


